<?xml version="1.0" encoding="UTF-8"?>
<testsuite xmlns:xsi="http://www.w3.org/2001/XMLSchema-instance" xsi:noNamespaceSchemaLocation="https://maven.apache.org/surefire/maven-surefire-plugin/xsd/surefire-test-report.xsd" name="com.training.process.WeatherTest" time="0.847" tests="2" errors="0" skipped="0" failures="0">
  <properties>
    <property name="sun.desktop" value="gnome"/>
    <property name="awt.toolkit" value="sun.awt.X11.XToolkit"/>
    <property name="file.encoding.pkg" value="sun.io"/>
    <property name="java.specification.version" value="1.8"/>
    <property name="sun.cpu.isalist" value=""/>
    <property name="sonar.host.url" value="https://sonarcloud.io"/>
    <property name="sonar.login" value="11c3e492e944227cb90948945ee5557ad3b4d8b9"/>
    <property name="sun.jnu.encoding" value="UTF-8"/>
    <property name="java.class.path" value="/home/NIX/sklyarova/java/training/rest/target/test-classes:/home/NIX/sklyarova/java/training/rest/target/classes:/home/NIX/sklyarova/.m2/repository/org/mockito/mockito-core/2.12.0/mockito-core-2.12.0.jar:/home/NIX/sklyarova/.m2/repository/net/bytebuddy/byte-buddy/1.7.9/byte-buddy-1.7.9.jar:/home/NIX/sklyarova/.m2/repository/net/bytebuddy/byte-buddy-agent/1.7.9/byte-buddy-agent-1.7.9.jar:/home/NIX/sklyarova/.m2/repository/org/objenesis/objenesis/2.6/objenesis-2.6.jar:/home/NIX/sklyarova/.m2/repository/junit/junit/4.12/junit-4.12.jar:/home/NIX/sklyarova/.m2/repository/org/hamcrest/hamcrest-core/1.3/hamcrest-core-1.3.jar:/home/NIX/sklyarova/.m2/repository/com/google/guava/guava/14.0.1/guava-14.0.1.jar:/home/NIX/sklyarova/.m2/repository/org/apache/commons/commons-lang3/3.1/commons-lang3-3.1.jar:/home/NIX/sklyarova/.m2/repository/org/codehaus/jackson/jackson-jaxrs/1.9.13/jackson-jaxrs-1.9.13.jar:/home/NIX/sklyarova/.m2/repository/org/codehaus/jackson/jackson-core-asl/1.9.13/jackson-core-asl-1.9.13.jar:/home/NIX/sklyarova/.m2/repository/org/codehaus/jackson/jackson-mapper-asl/1.9.13/jackson-mapper-asl-1.9.13.jar:/home/NIX/sklyarova/.m2/repository/org/apache/solr/solr-solrj/4.4.0/solr-solrj-4.4.0.jar:/home/NIX/sklyarova/.m2/repository/org/apache/zookeeper/zookeeper/3.4.5/zookeeper-3.4.5.jar:/home/NIX/sklyarova/.m2/repository/commons-io/commons-io/2.1/commons-io-2.1.jar:/home/NIX/sklyarova/.m2/repository/org/noggit/noggit/0.5/noggit-0.5.jar:/home/NIX/sklyarova/.m2/repository/org/apache/httpcomponents/httpclient/4.2.3/httpclient-4.2.3.jar:/home/NIX/sklyarova/.m2/repository/org/apache/httpcomponents/httpcore/4.2.2/httpcore-4.2.2.jar:/home/NIX/sklyarova/.m2/repository/commons-codec/commons-codec/1.6/commons-codec-1.6.jar:/home/NIX/sklyarova/.m2/repository/org/apache/httpcomponents/httpmime/4.2.3/httpmime-4.2.3.jar:/home/NIX/sklyarova/.m2/repository/org/codehaus/woodstox/wstx-asl/3.2.7/wstx-asl-3.2.7.jar:/home/NIX/sklyarova/.m2/repository/org/apache/cxf/cxf-rt-frontend-jaxrs/3.1.5/cxf-rt-frontend-jaxrs-3.1.5.jar:/home/NIX/sklyarova/.m2/repository/org/apache/cxf/cxf-core/3.1.5/cxf-core-3.1.5.jar:/home/NIX/sklyarova/.m2/repository/org/codehaus/woodstox/woodstox-core-asl/4.4.1/woodstox-core-asl-4.4.1.jar:/home/NIX/sklyarova/.m2/repository/org/codehaus/woodstox/stax2-api/3.1.4/stax2-api-3.1.4.jar:/home/NIX/sklyarova/.m2/repository/org/apache/ws/xmlschema/xmlschema-core/2.2.1/xmlschema-core-2.2.1.jar:/home/NIX/sklyarova/.m2/repository/javax/ws/rs/javax.ws.rs-api/2.0.1/javax.ws.rs-api-2.0.1.jar:/home/NIX/sklyarova/.m2/repository/javax/annotation/javax.annotation-api/1.2/javax.annotation-api-1.2.jar:/home/NIX/sklyarova/.m2/repository/org/apache/cxf/cxf-rt-transports-http/3.1.5/cxf-rt-transports-http-3.1.5.jar:/home/NIX/sklyarova/.m2/repository/org/apache/aries/blueprint/org.apache.aries.blueprint.annotation.api/1.0.0/org.apache.aries.blueprint.annotation.api-1.0.0.jar:/home/NIX/sklyarova/.m2/repository/org/glassfish/javax.json/1.1.2/javax.json-1.1.2.jar:/home/NIX/sklyarova/.m2/repository/javax/json/javax.json-api/1.1.2/javax.json-api-1.1.2.jar:/home/NIX/sklyarova/.m2/repository/org/json/org.json/chargebee-1.0/org.json-chargebee-1.0.jar:/home/NIX/sklyarova/.m2/repository/org/slf4j/slf4j-api/1.7.2/slf4j-api-1.7.2.jar:/home/NIX/sklyarova/.m2/repository/org/slf4j/slf4j-log4j12/1.6.6/slf4j-log4j12-1.6.6.jar:/home/NIX/sklyarova/.m2/repository/log4j/log4j/1.2.17/log4j-1.2.17.jar:"/>
    <property name="java.vm.vendor" value="Oracle Corporation"/>
    <property name="sun.arch.data.model" value="64"/>
    <property name="java.vendor.url" value="http://java.oracle.com/"/>
    <property name="user.timezone" value=""/>
    <property name="java.vm.specification.version" value="1.8"/>
    <property name="os.name" value="Linux"/>
    <property name="user.country" value="US"/>
    <property name="sun.java.launcher" value="SUN_STANDARD"/>
    <property name="sun.boot.library.path" value="/home/NIX/sklyarova/.sdkman/candidates/java/8u151-oracle/jre/lib/amd64"/>
    <property name="sun.java.command" value="/home/NIX/sklyarova/java/training/rest/target/surefire/surefirebooter603992792329805630.jar /home/NIX/sklyarova/java/training/rest/target/surefire 2017-11-16T19-00-10_610-jvmRun1 surefire5293588580422808861tmp surefire_01376979619986239496tmp"/>
    <property name="surefire.test.class.path" value="/home/NIX/sklyarova/java/training/rest/target/test-classes:/home/NIX/sklyarova/java/training/rest/target/classes:/home/NIX/sklyarova/.m2/repository/org/mockito/mockito-core/2.12.0/mockito-core-2.12.0.jar:/home/NIX/sklyarova/.m2/repository/net/bytebuddy/byte-buddy/1.7.9/byte-buddy-1.7.9.jar:/home/NIX/sklyarova/.m2/repository/net/bytebuddy/byte-buddy-agent/1.7.9/byte-buddy-agent-1.7.9.jar:/home/NIX/sklyarova/.m2/repository/org/objenesis/objenesis/2.6/objenesis-2.6.jar:/home/NIX/sklyarova/.m2/repository/junit/junit/4.12/junit-4.12.jar:/home/NIX/sklyarova/.m2/repository/org/hamcrest/hamcrest-core/1.3/hamcrest-core-1.3.jar:/home/NIX/sklyarova/.m2/repository/com/google/guava/guava/14.0.1/guava-14.0.1.jar:/home/NIX/sklyarova/.m2/repository/org/apache/commons/commons-lang3/3.1/commons-lang3-3.1.jar:/home/NIX/sklyarova/.m2/repository/org/codehaus/jackson/jackson-jaxrs/1.9.13/jackson-jaxrs-1.9.13.jar:/home/NIX/sklyarova/.m2/repository/org/codehaus/jackson/jackson-core-asl/1.9.13/jackson-core-asl-1.9.13.jar:/home/NIX/sklyarova/.m2/repository/org/codehaus/jackson/jackson-mapper-asl/1.9.13/jackson-mapper-asl-1.9.13.jar:/home/NIX/sklyarova/.m2/repository/org/apache/solr/solr-solrj/4.4.0/solr-solrj-4.4.0.jar:/home/NIX/sklyarova/.m2/repository/org/apache/zookeeper/zookeeper/3.4.5/zookeeper-3.4.5.jar:/home/NIX/sklyarova/.m2/repository/commons-io/commons-io/2.1/commons-io-2.1.jar:/home/NIX/sklyarova/.m2/repository/org/noggit/noggit/0.5/noggit-0.5.jar:/home/NIX/sklyarova/.m2/repository/org/apache/httpcomponents/httpclient/4.2.3/httpclient-4.2.3.jar:/home/NIX/sklyarova/.m2/repository/org/apache/httpcomponents/httpcore/4.2.2/httpcore-4.2.2.jar:/home/NIX/sklyarova/.m2/repository/commons-codec/commons-codec/1.6/commons-codec-1.6.jar:/home/NIX/sklyarova/.m2/repository/org/apache/httpcomponents/httpmime/4.2.3/httpmime-4.2.3.jar:/home/NIX/sklyarova/.m2/repository/org/codehaus/woodstox/wstx-asl/3.2.7/wstx-asl-3.2.7.jar:/home/NIX/sklyarova/.m2/repository/org/apache/cxf/cxf-rt-frontend-jaxrs/3.1.5/cxf-rt-frontend-jaxrs-3.1.5.jar:/home/NIX/sklyarova/.m2/repository/org/apache/cxf/cxf-core/3.1.5/cxf-core-3.1.5.jar:/home/NIX/sklyarova/.m2/repository/org/codehaus/woodstox/woodstox-core-asl/4.4.1/woodstox-core-asl-4.4.1.jar:/home/NIX/sklyarova/.m2/repository/org/codehaus/woodstox/stax2-api/3.1.4/stax2-api-3.1.4.jar:/home/NIX/sklyarova/.m2/repository/org/apache/ws/xmlschema/xmlschema-core/2.2.1/xmlschema-core-2.2.1.jar:/home/NIX/sklyarova/.m2/repository/javax/ws/rs/javax.ws.rs-api/2.0.1/javax.ws.rs-api-2.0.1.jar:/home/NIX/sklyarova/.m2/repository/javax/annotation/javax.annotation-api/1.2/javax.annotation-api-1.2.jar:/home/NIX/sklyarova/.m2/repository/org/apache/cxf/cxf-rt-transports-http/3.1.5/cxf-rt-transports-http-3.1.5.jar:/home/NIX/sklyarova/.m2/repository/org/apache/aries/blueprint/org.apache.aries.blueprint.annotation.api/1.0.0/org.apache.aries.blueprint.annotation.api-1.0.0.jar:/home/NIX/sklyarova/.m2/repository/org/glassfish/javax.json/1.1.2/javax.json-1.1.2.jar:/home/NIX/sklyarova/.m2/repository/javax/json/javax.json-api/1.1.2/javax.json-api-1.1.2.jar:/home/NIX/sklyarova/.m2/repository/org/json/org.json/chargebee-1.0/org.json-chargebee-1.0.jar:/home/NIX/sklyarova/.m2/repository/org/slf4j/slf4j-api/1.7.2/slf4j-api-1.7.2.jar:/home/NIX/sklyarova/.m2/repository/org/slf4j/slf4j-log4j12/1.6.6/slf4j-log4j12-1.6.6.jar:/home/NIX/sklyarova/.m2/repository/log4j/log4j/1.2.17/log4j-1.2.17.jar:"/>
    <property name="sun.cpu.endian" value="little"/>
    <property name="user.home" value="/home/NIX/sklyarova"/>
    <property name="user.language" value="en"/>
    <property name="java.specification.vendor" value="Oracle Corporation"/>
    <property name="java.home" value="/home/NIX/sklyarova/.sdkman/candidates/java/8u151-oracle/jre"/>
    <property name="basedir" value="/home/NIX/sklyarova/java/training/rest"/>
    <property name="file.separator" value="/"/>
    <property name="line.separator" value="&#10;"/>
    <property name="java.vm.specification.vendor" value="Oracle Corporation"/>
    <property name="java.specification.name" value="Java Platform API Specification"/>
    <property name="java.awt.graphicsenv" value="sun.awt.X11GraphicsEnvironment"/>
    <property name="surefire.real.class.path" value="/home/NIX/sklyarova/java/training/rest/target/surefire/surefirebooter603992792329805630.jar:/home/NIX/sklyarova/.m2/repository/org/jacoco/org.jacoco.agent/0.7.9/org.jacoco.agent-0.7.9-runtime.jar"/>
    <property name="sun.boot.class.path" value="/home/NIX/sklyarova/.sdkman/candidates/java/8u151-oracle/jre/lib/resources.jar:/home/NIX/sklyarova/.sdkman/candidates/java/8u151-oracle/jre/lib/rt.jar:/home/NIX/sklyarova/.sdkman/candidates/java/8u151-oracle/jre/lib/sunrsasign.jar:/home/NIX/sklyarova/.sdkman/candidates/java/8u151-oracle/jre/lib/jsse.jar:/home/NIX/sklyarova/.sdkman/candidates/java/8u151-oracle/jre/lib/jce.jar:/home/NIX/sklyarova/.sdkman/candidates/java/8u151-oracle/jre/lib/charsets.jar:/home/NIX/sklyarova/.sdkman/candidates/java/8u151-oracle/jre/lib/jfr.jar:/home/NIX/sklyarova/.sdkman/candidates/java/8u151-oracle/jre/classes"/>
    <property name="sun.management.compiler" value="HotSpot 64-Bit Tiered Compilers"/>
    <property name="java.runtime.version" value="1.8.0_151-b12"/>
    <property name="user.name" value="sklyarova"/>
    <property name="path.separator" value=":"/>
    <property name="os.version" value="4.4.0-98-generic"/>
    <property name="java.endorsed.dirs" value="/home/NIX/sklyarova/.sdkman/candidates/java/8u151-oracle/jre/lib/endorsed"/>
    <property name="java.runtime.name" value="Java(TM) SE Runtime Environment"/>
    <property name="file.encoding" value="UTF-8"/>
    <property name="java.vm.name" value="Java HotSpot(TM) 64-Bit Server VM"/>
    <property name="localRepository" value="/home/NIX/sklyarova/.m2/repository"/>
    <property name="java.vendor.url.bug" value="http://bugreport.sun.com/bugreport/"/>
    <property name="java.io.tmpdir" value="/tmp"/>
    <property name="java.version" value="1.8.0_151"/>
    <property name="user.dir" value="/home/NIX/sklyarova/java/training/rest"/>
    <property name="os.arch" value="amd64"/>
    <property name="java.vm.specification.name" value="Java Virtual Machine Specification"/>
    <property name="sonar.organization" value="irinsklyar-github"/>
    <property name="java.awt.printerjob" value="sun.print.PSPrinterJob"/>
    <property name="sun.os.patch.level" value="unknown"/>
    <property name="java.library.path" value="/home/NIX/sklyarova/apps/idea-IC-172.4343.14/bin::/usr/java/packages/lib/amd64:/usr/lib64:/lib64:/lib:/usr/lib"/>
    <property name="java.vm.info" value="mixed mode"/>
    <property name="java.vendor" value="Oracle Corporation"/>
    <property name="java.vm.version" value="25.151-b12"/>
    <property name="java.ext.dirs" value="/home/NIX/sklyarova/.sdkman/candidates/java/8u151-oracle/jre/lib/ext:/usr/java/packages/lib/ext"/>
    <property name="sun.io.unicode.encoding" value="UnicodeLittle"/>
    <property name="java.class.version" value="52.0"/>
  </properties>
  <testcase name="shouldReturnExpectedWeatherObject" classname="com.training.process.WeatherTest" time="0.023"/>
  <testcase name="shouldReturnWeatherObjectWithErrorCode" classname="com.training.process.WeatherTest" time="0"/>
</testsuite>